<?xml version="1.0" encoding="UTF-8"?>
<!-- Generated by org.testng.reporters.JUnitXMLReporter -->
<testsuite ignored="0" hostname="DESKTOP-EER3MNQ" failures="0" tests="14" name="Default test" time="15.126" errors="0" timestamp="2021-02-24T23:22:50 ART">
  <testcase classname="testCases.HomeScreenActiveAccountCases" name="profileHeaderIsVisible" time="0.3"/>
  <testcase classname="testCases.HomeScreenActiveAccountCases" name="accountNameIsVisible" time="0.125"/>
  <testcase classname="testCases.HomeScreenActiveAccountCases" name="bikeFilterIsVisible" time="0.093"/>
  <testcase classname="testCases.HomeScreenActiveAccountCases" name="floorFilterIsVisible" time="0.1"/>
  <testcase classname="testCases.HomeScreenActiveAccountCases" name="recoveryFilterIsVisible" time="0.099"/>
  <testcase classname="testCases.HomeScreenActiveAccountCases" name="crossTrainingFilterIsVisible" time="0.081"/>
  <testcase classname="testCases.HomeScreenActiveAccountCases" name="myxMediaIsVisible" time="0.099"/>
  <testcase classname="testCases.HomeScreenActiveAccountCases" name="smartMYXIsVisible" time="0.082"/>
  <testcase classname="testCases.HomeScreenActiveAccountCases" name="calendarIsVisible" time="0.083"/>
  <testcase classname="testCases.HomeScreenActiveAccountCases" name="myxLogoIsVisible" time="0.082"/>
  <testcase classname="testCases.HomeScreenActiveAccountCases" name="openMenu" time="0.857"/>
  <testcase classname="testCases.HomeScreenActiveAccountCases" name="openMenuCheckProfiles" time="1.684"/>
  <testcase classname="testCases.HomeScreenActiveAccountCases" name="openMenuSwitchProfiles" time="9.502"/>
  <testcase classname="testCases.HomeScreenActiveAccountCases" name="openMenuCheckAddUser" time="1.757"/>
</testsuite> <!-- Default test -->
