<?xml version="1.0" encoding="UTF-8"?>
<!-- Generated by org.testng.reporters.JUnitXMLReporter -->
<testsuite ignored="8" hostname="DESKTOP-EER3MNQ" failures="1" tests="48" name="MYXfitness Resgression Test Classes" time="194.445" errors="0" timestamp="2021-03-04T00:56:25 ART">
  <testcase classname="testCases.S001LogInCases" name="welcomeisDisplayed" time="0.244">
    <skipped/>
  </testcase> <!-- welcomeisDisplayed -->
  <testcase classname="testCases.S001LogInCases" name="welcomeisDisplayed" time="0.119">
    <skipped/>
  </testcase> <!-- welcomeisDisplayed -->
  <testcase classname="testCases.S001LogInCases" name="welcomeisDisplayed" time="0.11">
    <skipped/>
  </testcase> <!-- welcomeisDisplayed -->
  <testcase classname="testCases.S001LogInCases" name="welcomeisDisplayed" time="0.108">
    <failure type="java.lang.AssertionError" message="The following asserts failed:
	expected [WELCOME TO MYXfitness!dsedsf] but found [WELCOME TO MYXfitness!]">
      <![CDATA[java.lang.AssertionError: The following asserts failed:
expected [WELCOME TO MYXfitness!dsedsf] but found [WELCOME TO MYXfitness!]
at testCases.S001LogInCases.welcomeisDisplayed(S001LogInCases.java:50)
at java.base/java.util.ArrayList.forEach(ArrayList.java:1511)
... Removed 33 stack frames]]>
    </failure>
  </testcase> <!-- welcomeisDisplayed -->
  <testcase classname="testCases.S001LogInCases" name="theRoadisDisplayed" time="0.171"/>
  <testcase classname="testCases.S001LogInCases" name="invalidEmail" time="5.989"/>
  <testcase classname="testCases.S001LogInCases" name="invalidPassword" time="4.339"/>
  <testcase classname="testCases.S001LogInCases" name="noEmailAndPassword" time="3.157"/>
  <testcase classname="testCases.S001LogInCases" name="passwordRecoveryEmpty" time="3.654"/>
  <testcase classname="testCases.S001LogInCases" name="passwordRecoveryWrongEmail" time="5.928"/>
  <testcase classname="testCases.S001LogInCases" name="passwordRecoveryzValid" time="5.519"/>
  <testcase classname="testCases.S001LogInCases" name="iDontHaveAccount" time="2.636"/>
  <testcase classname="testCases.S001LogInCases" name="validEmailAndPassword" time="6.31"/>
  <testcase classname="testCases.S002WhosWorkingCases" name="profileTitleisDisplayed" time="0.08"/>
  <testcase classname="testCases.S002WhosWorkingCases" name="whosWorkingOutTitleisDisplayed" time="0.073"/>
  <testcase classname="testCases.S002WhosWorkingCases" name="mainProfileisDisplayed" time="1.36"/>
  <testcase classname="testCases.S002WhosWorkingCases" name="addUserisDisplayed" time="0.037"/>
  <testcase classname="testCases.S002WhosWorkingCases" name="clickAddUser" time="1.972"/>
  <testcase classname="testCases.S002WhosWorkingCases" name="validateOptionsAvailable" time="2.341"/>
  <testcase classname="testCases.S003HomeScreenActiveAccountCases" name="profileHeaderIsVisible" time="5.763"/>
  <testcase classname="testCases.S003HomeScreenActiveAccountCases" name="accountNameIsVisible" time="0.099"/>
  <testcase classname="testCases.S003HomeScreenActiveAccountCases" name="bikeFilterIsVisible" time="0.119"/>
  <testcase classname="testCases.S003HomeScreenActiveAccountCases" name="floorFilterIsVisible" time="0.119"/>
  <testcase classname="testCases.S003HomeScreenActiveAccountCases" name="recoveryFilterIsVisible" time="0.112"/>
  <testcase classname="testCases.S003HomeScreenActiveAccountCases" name="crossTrainingFilterIsVisible" time="0.102"/>
  <testcase classname="testCases.S003HomeScreenActiveAccountCases" name="myxMediaIsVisible" time="0.105"/>
  <testcase classname="testCases.S003HomeScreenActiveAccountCases" name="smartMYXIsVisible" time="0.101"/>
  <testcase classname="testCases.S003HomeScreenActiveAccountCases" name="calendarIsVisible" time="0.102"/>
  <testcase classname="testCases.S003HomeScreenActiveAccountCases" name="myxLogoIsVisible" time="0.113"/>
  <testcase classname="testCases.S003HomeScreenActiveAccountCases" name="openMenu" time="0.792"/>
  <testcase classname="testCases.S004ManageProfilesCases" name="openManageProfiles" time="8.191"/>
  <testcase classname="testCases.S004ManageProfilesCases" name="editManageProfiles" time="48.542"/>
  <testcase classname="testCases.S004ManageProfilesCases" name="editManageProfilesBack" time="42.74"/>
  <testcase classname="testCases.S004ManageProfilesCases" name="changeMainProfilePicture" time="13.372"/>
  <testcase classname="testCases.S005AddProfileMainScreenCases" name="openMenuClickAddUser" time="4.603"/>
  <testcase classname="testCases.S005AddProfileMainScreenCases" name="createProfileIsDisplayed" time="0.722"/>
  <testcase classname="testCases.S005AddProfileMainScreenCases" name="pictureIconIsDisplayed" time="0.514"/>
  <testcase classname="testCases.S005AddProfileMainScreenCases" name="emailFieldIsVisible" time="0.527"/>
  <testcase classname="testCases.S005AddProfileMainScreenCases" name="firstNameFieldIsVisible" time="0.627"/>
  <testcase classname="testCases.S005AddProfileMainScreenCases" name="lastNameFieldIsVisible" time="0.546"/>
  <testcase classname="testCases.S005AddProfileMainScreenCases" name="termsAndConditionsTitleIsVisible" time="0.513"/>
  <testcase classname="testCases.S005AddProfileMainScreenCases" name="termsAndConditionsContentIsVisible" time="2.681"/>
  <testcase classname="testCases.S005AddProfileMainScreenCases" name="declineTC" time="8.131"/>
  <testcase classname="testCases.S005AddProfileMainScreenCases" name="termsAndConditionsContentTestIsVisible" time="0.561"/>
  <testcase classname="testCases.S005AddProfileMainScreenCases" name="enterName" time="1.145"/>
  <testcase classname="testCases.S005AddProfileMainScreenCases" name="enterLastName" time="1.105"/>
  <testcase classname="testCases.S005AddProfileMainScreenCases" name="enterInvalidEmail" time="6.562"/>
  <testcase classname="testCases.S005AddProfileMainScreenCases" name="blaDisplayed" time="0.751"/>
  <testcase classname="testCases.SetupConnection" name="@AfterSuite TearDown" time="0.0">
    <ignored/>
  </testcase> <!-- @AfterSuite TearDown -->
  <testcase classname="testCases.SetupConnection" name="@AfterSuite TearDown" time="0.0">
    <ignored/>
  </testcase> <!-- @AfterSuite TearDown -->
  <testcase classname="testCases.SetupConnection" name="@AfterSuite TearDown" time="0.0">
    <ignored/>
  </testcase> <!-- @AfterSuite TearDown -->
  <testcase classname="testCases.SetupConnection" name="@AfterSuite TearDown" time="0.0">
    <ignored/>
  </testcase> <!-- @AfterSuite TearDown -->
  <testcase classname="testCases.SetupConnection" name="@BeforeSuite startConnection" time="0.0">
    <ignored/>
  </testcase> <!-- @BeforeSuite startConnection -->
  <testcase classname="testCases.SetupConnection" name="@BeforeSuite startConnection" time="0.0">
    <ignored/>
  </testcase> <!-- @BeforeSuite startConnection -->
  <testcase classname="testCases.SetupConnection" name="@BeforeSuite startConnection" time="0.0">
    <ignored/>
  </testcase> <!-- @BeforeSuite startConnection -->
  <testcase classname="testCases.SetupConnection" name="@BeforeSuite startConnection" time="0.0">
    <ignored/>
  </testcase> <!-- @BeforeSuite startConnection -->
</testsuite> <!-- MYXfitness Resgression Test Classes -->
