<?xml version="1.0" encoding="UTF-8"?>
<!-- Generated by org.testng.reporters.JUnitXMLReporter -->
<testsuite ignored="2" hostname="DESKTOP-EER3MNQ" failures="1" tests="11" name="MYXfitness Resgression Test Classes" time="152.067" errors="0" timestamp="2021-02-17T14:52:46 ART">
  <testcase classname="testCases.LogInCases" name="invalidEmail" time="9.679"/>
  <testcase classname="testCases.LogInCases" name="invalidPassword" time="4.666"/>
  <testcase classname="testCases.LogInCases" name="noEmailAndPassword" time="3.048"/>
  <testcase classname="testCases.LogInCases" name="passwordRecoveryEmpty" time="3.537"/>
  <testcase classname="testCases.LogInCases" name="passwordRecoveryWrongEmail" time="7.015"/>
  <testcase classname="testCases.LogInCases" name="passwordRecoveryzValid" time="5.153"/>
  <testcase classname="testCases.LogInCases" name="validEmailAndPassword" time="16.293"/>
  <testcase classname="testCases.HomeMenuCases" name="openMenu" time="1.537"/>
  <testcase classname="testCases.HomeMenuCases" name="openManageProfiles" time="9.491"/>
  <testcase classname="testCases.HomeMenuCases" name="editManageProfiles" time="46.765">
    <failure type="java.lang.AssertionError" message="The following asserts failed:
	expected [true] but found [false]">
      <![CDATA[java.lang.AssertionError: The following asserts failed:
expected [true] but found [false]
at testCases.HomeMenuCases.editManageProfiles(HomeMenuCases.java:193)
at java.base/java.util.ArrayList.forEach(ArrayList.java:1511)
... Removed 33 stack frames]]>
    </failure>
  </testcase> <!-- editManageProfiles -->
  <testcase classname="testCases.HomeMenuCases" name="editManageProfilesBack" time="44.703"/>
  <testcase classname="testCases.SetupConnection" name="@AfterSuite TearDown" time="0.0">
    <ignored/>
  </testcase> <!-- @AfterSuite TearDown -->
  <testcase classname="testCases.SetupConnection" name="@BeforeSuite startConnection" time="0.0">
    <ignored/>
  </testcase> <!-- @BeforeSuite startConnection -->
</testsuite> <!-- MYXfitness Resgression Test Classes -->
