<?xml version="1.0" encoding="UTF-8"?>
<testsuite xmlns:xsi="http://www.w3.org/2001/XMLSchema-instance" xsi:noNamespaceSchemaLocation="https://maven.apache.org/surefire/maven-surefire-plugin/xsd/surefire-test-report-3.0.xsd" version="3.0" name="TestSuite" time="161.966" tests="11" errors="0" skipped="0" failures="1">
  <properties>
[...]
</properties>
  <testcase name="invalidEmail" classname="testCases.LogInCases" time="9.675">
    <system-out><![CDATA[...
... TestNG 7.3.0 by CÃ©dric Beust (cedric@beust.com)
...

Connection successfuly started!
This is @BeforeTest!
El mensaje es: It seems that either your user name or password is incorrect.
This is the invalidEmail test. Email: test.qa.UG4FA77FOO@gmail.com
]]></system-out>
    <system-err><![CDATA[Feb 17, 2021 2:50:13 PM io.appium.java_client.remote.AppiumCommandExecutor$1 lambda$0
INFO: Detected dialect: W3C
]]></system-err>
  </testcase>
  <testcase name="invalidPassword" classname="testCases.LogInCases" time="4.672">
    <system-out><![CDATA[El mensaje es: It seems that either your user name or password is incorrect.
This is the invalidPassword test. Email: test.qa.6HC26*+QB1@gmail.com
]]></system-out>
  </testcase>
  <testcase name="noEmailAndPassword" classname="testCases.LogInCases" time="3.052">
    <system-out><![CDATA[El mensaje es: Please introduce your email and password
This is the invalidPassword test. Email: test.qa.X*+2TR9X_W@gmail.com
]]></system-out>
  </testcase>
  <testcase name="passwordRecoveryEmpty" classname="testCases.LogInCases" time="3.535">
    <system-out><![CDATA[This is a reset password test without email.
]]></system-out>
  </testcase>
  <testcase name="passwordRecoveryWrongEmail" classname="testCases.LogInCases" time="7.018">
    <system-out><![CDATA[This is a reset password test with a wrong email.
]]></system-out>
  </testcase>
  <testcase name="passwordRecoveryzValid" classname="testCases.LogInCases" time="5.159">
    <system-out><![CDATA[This is valid reset password test with a valid email.
]]></system-out>
  </testcase>
  <testcase name="validEmailAndPassword" classname="testCases.LogInCases" time="16.29">
    <system-out><![CDATA[El mensaje es: Who's working out today?
This is the valid email and password test.
]]></system-out>
  </testcase>
  <testcase name="openMenu" classname="testCases.HomeMenuCases" time="1.538">
    <system-out><![CDATA[1- Open Menu Check all options are displayed.
]]></system-out>
  </testcase>
  <testcase name="openManageProfiles" classname="testCases.HomeMenuCases" time="9.494">
    <system-out><![CDATA[2- 'Manage Profiles' all options are displayed.
]]></system-out>
  </testcase>
  <testcase name="editManageProfiles" classname="testCases.HomeMenuCases" time="46.77">
    <failure message="The following asserts failed:&#10;	expected [true] but found [false]" type="java.lang.AssertionError"><![CDATA[java.lang.AssertionError: 
The following asserts failed:
	expected [true] but found [false]
	at testCases.HomeMenuCases.editManageProfiles(HomeMenuCases.java:193)
]]></failure>
  </testcase>
  <testcase name="editManageProfilesBack" classname="testCases.HomeMenuCases" time="44.705">
    <system-out><![CDATA[2- 'Manage Profiles' profile edited back succesfully
]]></system-out>
  </testcase>
</testsuite>