<?xml version="1.0" encoding="UTF-8"?>
<testng-results ignored="6" total="27" passed="21" failed="0" skipped="0">
  <reporter-output>
  </reporter-output>
  <suite started-at="2021-02-24T21:50:38 ART" name="MYXfitness Regression Test" finished-at="2021-02-24T21:53:36 ART" duration-ms="178769">
    <groups>
    </groups>
    <test started-at="2021-02-24T21:50:38 ART" name="MYXfitness Resgression Test Classes" finished-at="2021-02-24T21:53:36 ART" duration-ms="178769">
      <class name="testCases.LogInCases">
        <test-method is-config="true" signature="startConnection()[pri:0, instance:testCases.LogInCases@6a4d7f76]" started-at="2021-02-24T21:50:27 ART" name="startConnection" finished-at="2021-02-24T21:50:38 ART" duration-ms="10452" status="PASS">
          <reporter-output>
          </reporter-output>
        </test-method> <!-- startConnection -->
        <test-method is-config="true" signature="goToLoginScreen()[pri:0, instance:testCases.LogInCases@6a4d7f76]" started-at="2021-02-24T21:50:38 ART" name="goToLoginScreen" finished-at="2021-02-24T21:50:38 ART" duration-ms="1" status="PASS">
          <reporter-output>
          </reporter-output>
        </test-method> <!-- goToLoginScreen -->
        <test-method signature="welcomeisDisplayed()[pri:-2, instance:testCases.LogInCases@6a4d7f76]" started-at="2021-02-24T21:50:38 ART" name="welcomeisDisplayed" description="First screen &#039;Welcome to MYX&#039; is displayed" finished-at="2021-02-24T21:50:50 ART" duration-ms="12448" status="PASS">
          <reporter-output>
          </reporter-output>
        </test-method> <!-- welcomeisDisplayed -->
        <test-method signature="theRoadisDisplayed()[pri:-1, instance:testCases.LogInCases@6a4d7f76]" started-at="2021-02-24T21:50:50 ART" name="theRoadisDisplayed" description="First screen &#039;The road...&#039; is displayed" finished-at="2021-02-24T21:50:50 ART" duration-ms="140" status="PASS">
          <reporter-output>
          </reporter-output>
        </test-method> <!-- theRoadisDisplayed -->
        <test-method signature="invalidEmail()[pri:0, instance:testCases.LogInCases@6a4d7f76]" started-at="2021-02-24T21:50:50 ART" name="invalidEmail" description="Invalid login scenario with a wrong email." finished-at="2021-02-24T21:50:58 ART" duration-ms="7289" status="PASS">
          <reporter-output>
          </reporter-output>
        </test-method> <!-- invalidEmail -->
        <test-method signature="invalidPassword()[pri:1, instance:testCases.LogInCases@6a4d7f76]" started-at="2021-02-24T21:50:58 ART" name="invalidPassword" description="Invalid login scenario with a wrong password." finished-at="2021-02-24T21:51:02 ART" duration-ms="4671" status="PASS">
          <reporter-output>
          </reporter-output>
        </test-method> <!-- invalidPassword -->
        <test-method signature="noEmailAndPassword()[pri:2, instance:testCases.LogInCases@6a4d7f76]" started-at="2021-02-24T21:51:02 ART" name="noEmailAndPassword" description="Invalid login scenario with an empty email and password." finished-at="2021-02-24T21:51:05 ART" duration-ms="2897" status="PASS">
          <reporter-output>
          </reporter-output>
        </test-method> <!-- noEmailAndPassword -->
        <test-method signature="passwordRecoveryEmpty()[pri:3, instance:testCases.LogInCases@6a4d7f76]" started-at="2021-02-24T21:51:05 ART" name="passwordRecoveryEmpty" description="Customer wants to reset the password, but entered no email." finished-at="2021-02-24T21:51:09 ART" duration-ms="3468" status="PASS">
          <reporter-output>
          </reporter-output>
        </test-method> <!-- passwordRecoveryEmpty -->
        <test-method signature="passwordRecoveryWrongEmail()[pri:4, instance:testCases.LogInCases@6a4d7f76]" started-at="2021-02-24T21:51:09 ART" name="passwordRecoveryWrongEmail" description="Customer wants to reset the password, but entered an invalid email." finished-at="2021-02-24T21:51:16 ART" duration-ms="7182" status="PASS">
          <reporter-output>
          </reporter-output>
        </test-method> <!-- passwordRecoveryWrongEmail -->
        <test-method signature="passwordRecoveryzValid()[pri:5, instance:testCases.LogInCases@6a4d7f76]" started-at="2021-02-24T21:51:16 ART" name="passwordRecoveryzValid" description="Customer wants to reset the password, but entered no email." finished-at="2021-02-24T21:51:21 ART" duration-ms="5189" status="PASS">
          <reporter-output>
          </reporter-output>
        </test-method> <!-- passwordRecoveryzValid -->
        <test-method signature="iDontHaveAccount()[pri:6, instance:testCases.LogInCases@6a4d7f76]" started-at="2021-02-24T21:51:21 ART" name="iDontHaveAccount" description="Customer selects the option &#039;I don&#039;t have an account&#039;." finished-at="2021-02-24T21:51:24 ART" duration-ms="2665" status="PASS">
          <reporter-output>
          </reporter-output>
        </test-method> <!-- iDontHaveAccount -->
        <test-method signature="validEmailAndPassword()[pri:7, instance:testCases.LogInCases@6a4d7f76]" started-at="2021-02-24T21:51:24 ART" name="validEmailAndPassword" description="Valid login scenario with a valid email and password." finished-at="2021-02-24T21:51:29 ART" duration-ms="5638" status="PASS">
          <reporter-output>
          </reporter-output>
        </test-method> <!-- validEmailAndPassword -->
        <test-method is-config="true" signature="TearDown()[pri:0, instance:testCases.LogInCases@6a4d7f76]" started-at="2021-02-24T21:53:36 ART" name="TearDown" finished-at="2021-02-24T21:53:36 ART" duration-ms="1" status="PASS">
          <reporter-output>
          </reporter-output>
        </test-method> <!-- TearDown -->
      </class> <!-- testCases.LogInCases -->
      <class name="testCases.WhosWorkingCases">
        <test-method signature="validateOptionsAvailable()[pri:0, instance:testCases.WhosWorkingCases@10ec523c]" started-at="2021-02-24T21:51:29 ART" name="validateOptionsAvailable" finished-at="2021-02-24T21:51:32 ART" duration-ms="2853" status="PASS">
          <reporter-output>
          </reporter-output>
        </test-method> <!-- validateOptionsAvailable -->
      </class> <!-- testCases.WhosWorkingCases -->
      <class name="testCases.HomeScreenActiveAccountCases">
        <test-method signature="profileHeaderIsVisible()[pri:1, instance:testCases.HomeScreenActiveAccountCases@53dfacba]" started-at="2021-02-24T21:51:32 ART" name="profileHeaderIsVisible" description="Check if &#039;Profile Header&#039; is visible" finished-at="2021-02-24T21:51:41 ART" duration-ms="9200" status="PASS">
          <reporter-output>
          </reporter-output>
        </test-method> <!-- profileHeaderIsVisible -->
        <test-method signature="accountNameIsVisible()[pri:2, instance:testCases.HomeScreenActiveAccountCases@53dfacba]" started-at="2021-02-24T21:51:41 ART" name="accountNameIsVisible" description="Check if Account Name is visible" finished-at="2021-02-24T21:51:42 ART" duration-ms="115" status="PASS">
          <reporter-output>
          </reporter-output>
        </test-method> <!-- accountNameIsVisible -->
        <test-method signature="bikeFilterIsVisible()[pri:3, instance:testCases.HomeScreenActiveAccountCases@53dfacba]" started-at="2021-02-24T21:51:42 ART" name="bikeFilterIsVisible" description="Check if Bike Filter is visible" finished-at="2021-02-24T21:51:42 ART" duration-ms="102" status="PASS">
          <reporter-output>
          </reporter-output>
        </test-method> <!-- bikeFilterIsVisible -->
        <test-method signature="openMenu()[pri:30, instance:testCases.HomeScreenActiveAccountCases@53dfacba]" started-at="2021-02-24T21:51:42 ART" name="openMenu" description="Open and Close Menu functionality" finished-at="2021-02-24T21:51:43 ART" duration-ms="867" status="PASS">
          <reporter-output>
          </reporter-output>
        </test-method> <!-- openMenu -->
        <test-method signature="openMenuCheckProfiles()[pri:31, instance:testCases.HomeScreenActiveAccountCases@53dfacba]" started-at="2021-02-24T21:51:43 ART" name="openMenuCheckProfiles" description="Open menu and check profile 1 and 2 are displayed" finished-at="2021-02-24T21:51:45 ART" duration-ms="1983" status="PASS">
          <reporter-output>
          </reporter-output>
        </test-method> <!-- openMenuCheckProfiles -->
        <test-method signature="openMenuSwitchProfiles()[pri:32, instance:testCases.HomeScreenActiveAccountCases@53dfacba]" started-at="2021-02-24T21:51:45 ART" name="openMenuSwitchProfiles" description="Open menu and check profile 1 and 2 are displayed" finished-at="2021-02-24T21:51:53 ART" duration-ms="8830" status="PASS">
          <reporter-output>
          </reporter-output>
        </test-method> <!-- openMenuSwitchProfiles -->
        <test-method signature="openMenuCheckAddUser()[pri:33, instance:testCases.HomeScreenActiveAccountCases@53dfacba]" started-at="2021-02-24T21:51:53 ART" name="openMenuCheckAddUser" description="Open menu and check profile 1 and 2 are displayed" finished-at="2021-02-24T21:51:55 ART" duration-ms="1196" status="PASS">
          <reporter-output>
          </reporter-output>
        </test-method> <!-- openMenuCheckAddUser -->
      </class> <!-- testCases.HomeScreenActiveAccountCases -->
      <class name="testCases.ManageProfilesCases">
        <test-method signature="openManageProfiles()[pri:1, instance:testCases.ManageProfilesCases@79767781]" started-at="2021-02-24T21:51:55 ART" name="openManageProfiles" description="Open Manage Profiles" finished-at="2021-02-24T21:52:06 ART" duration-ms="11081" status="PASS">
          <reporter-output>
          </reporter-output>
        </test-method> <!-- openManageProfiles -->
        <test-method signature="editManageProfiles()[pri:2, instance:testCases.ManageProfilesCases@79767781]" started-at="2021-02-24T21:52:06 ART" name="editManageProfiles" description="Edit Manage Profiles" finished-at="2021-02-24T21:52:52 ART" duration-ms="46344" status="PASS">
          <reporter-output>
          </reporter-output>
        </test-method> <!-- editManageProfiles -->
        <test-method signature="editManageProfilesBack()[pri:3, instance:testCases.ManageProfilesCases@79767781]" started-at="2021-02-24T21:52:52 ART" name="editManageProfilesBack" description="Edit Manage Profiles back to default information." finished-at="2021-02-24T21:53:36 ART" duration-ms="44444" status="PASS">
          <reporter-output>
          </reporter-output>
        </test-method> <!-- editManageProfilesBack -->
      </class> <!-- testCases.ManageProfilesCases -->
    </test> <!-- MYXfitness Resgression Test Classes -->
  </suite> <!-- MYXfitness Regression Test -->
</testng-results>
