<?xml version="1.0" encoding="UTF-8"?>
<testsuite xmlns:xsi="http://www.w3.org/2001/XMLSchema-instance" xsi:noNamespaceSchemaLocation="https://maven.apache.org/surefire/maven-surefire-plugin/xsd/surefire-test-report-3.0.xsd" version="3.0" name="TestSuite" time="199.596" tests="16" errors="0" skipped="0" failures="2">
  <properties>
[...]
</properties>
  <testcase name="invalidEmail" classname="testCases.LogInCases" time="6.059">
    <system-out><![CDATA[...
... TestNG 7.3.0 by CÃ©dric Beust (cedric@beust.com)
...

Connection successfuly started!
This is @BeforeTest!
El mensaje es: It seems that either your user name or password is incorrect.
This is the invalidEmail test. Email: test.qa.OUSBT/6J/X@gmail.com
]]></system-out>
    <system-err><![CDATA[Feb 22, 2021 11:43:59 AM io.appium.java_client.remote.AppiumCommandExecutor$1 lambda$0
INFO: Detected dialect: W3C
]]></system-err>
  </testcase>
  <testcase name="invalidPassword" classname="testCases.LogInCases" time="4.56">
    <failure message="The following asserts failed:&#10;	expected [true] but found [false]" type="java.lang.AssertionError"><![CDATA[java.lang.AssertionError: 
The following asserts failed:
	expected [true] but found [false]
	at testCases.LogInCases.invalidPassword(LogInCases.java:89)
]]></failure>
    <system-out><![CDATA[This is the invalidPassword test. Email: test.qa.C311L7I3JH@gmail.com
]]></system-out>
  </testcase>
  <testcase name="noEmailAndPassword" classname="testCases.LogInCases" time="3.474">
    <system-out><![CDATA[El mensaje es: Please introduce your email and password
This is the invalidPassword test. Email: test.qa.JP1/_5-SFS@gmail.com
]]></system-out>
  </testcase>
  <testcase name="passwordRecoveryEmpty" classname="testCases.LogInCases" time="3.555">
    <system-out><![CDATA[This is a reset password test without email.
]]></system-out>
  </testcase>
  <testcase name="passwordRecoveryWrongEmail" classname="testCases.LogInCases" time="5.876">
    <system-out><![CDATA[This is a reset password test with a wrong email.
]]></system-out>
  </testcase>
  <testcase name="passwordRecoveryzValid" classname="testCases.LogInCases" time="5.017">
    <system-out><![CDATA[This is valid reset password test with a valid email.
]]></system-out>
  </testcase>
  <testcase name="iDontHaveAccount" classname="testCases.LogInCases" time="2.852">
    <system-out><![CDATA[I don't have an account selected
]]></system-out>
  </testcase>
  <testcase name="validEmailAndPassword" classname="testCases.LogInCases" time="6.56">
    <system-out><![CDATA[El mensaje es: Who's working out today?
This is the valid email and password test.
]]></system-out>
  </testcase>
  <testcase name="validateOptionsAvailable" classname="testCases.WhosWorkingCases" time="11.281"/>
  <testcase name="openMenu" classname="testCases.HomeScreenCases" time="0.872">
    <system-out><![CDATA[1- Open Menu Check all options are displayed.
]]></system-out>
  </testcase>
  <testcase name="openMenuCheckProfiles" classname="testCases.HomeScreenCases" time="1.414">
    <system-out><![CDATA[2- Profiles 1 and 2 are displayed.
]]></system-out>
  </testcase>
  <testcase name="openMenuSwitchProfiles" classname="testCases.HomeScreenCases" time="7.313">
    <system-out><![CDATA[3- Open the menu and switch from the main to the secondary profile
]]></system-out>
  </testcase>
  <testcase name="openMenuCheckAddUser" classname="testCases.HomeScreenCases" time="21.906">
    <failure message="An element could not be located on the page using the given search parameters.&#10;For documentation on this error, please visit: https://www.seleniumhq.org/exceptions/no_such_element.html&#10;Build info: version: &apos;3.141.59&apos;, revision: &apos;e82be7d358&apos;, time: &apos;2018-11-14T08:17:03&apos;&#10;System info: host: &apos;DESKTOP-EER3MNQ&apos;, ip: &apos;192.168.1.64&apos;, os.name: &apos;Windows 10&apos;, os.arch: &apos;amd64&apos;, os.version: &apos;10.0&apos;, java.version: &apos;15.0.1&apos;&#10;Driver info: io.appium.java_client.android.AndroidDriver&#10;Capabilities {databaseEnabled: false, desired: {deviceName: MYX215A, platformName: android, platformVersion: 8.1.0, udid: INB04749A}, deviceApiLevel: 27, deviceManufacturer: alps, deviceModel: MYX215A, deviceName: INB04749A, deviceScreenDensity: 240, deviceScreenSize: 1920x1080, deviceUDID: INB04749A, javascriptEnabled: true, locationContextEnabled: false, networkConnectionEnabled: true, pixelRatio: 1.5, platform: LINUX, platformName: Android, platformVersion: 8.1.0, statBarHeight: 36, takesScreenshot: true, udid: INB04749A, viewportRect: {height: 972, left: 0, top: 36, width: 1920}, warnings: {}, webStorageEnabled: false}&#10;Session ID: 958b28dd-03a8-4089-9228-f2eb8d5357bd&#10;*** Element info: {Using=id, value=com.myxfitness.app:id/stats}" type="org.openqa.selenium.NoSuchElementException"><![CDATA[org.openqa.selenium.NoSuchElementException: 
An element could not be located on the page using the given search parameters.
For documentation on this error, please visit: https://www.seleniumhq.org/exceptions/no_such_element.html
Build info: version: '3.141.59', revision: 'e82be7d358', time: '2018-11-14T08:17:03'
System info: host: 'DESKTOP-EER3MNQ', ip: '192.168.1.64', os.name: 'Windows 10', os.arch: 'amd64', os.version: '10.0', java.version: '15.0.1'
Driver info: io.appium.java_client.android.AndroidDriver
Capabilities {databaseEnabled: false, desired: {deviceName: MYX215A, platformName: android, platformVersion: 8.1.0, udid: INB04749A}, deviceApiLevel: 27, deviceManufacturer: alps, deviceModel: MYX215A, deviceName: INB04749A, deviceScreenDensity: 240, deviceScreenSize: 1920x1080, deviceUDID: INB04749A, javascriptEnabled: true, locationContextEnabled: false, networkConnectionEnabled: true, pixelRatio: 1.5, platform: LINUX, platformName: Android, platformVersion: 8.1.0, statBarHeight: 36, takesScreenshot: true, udid: INB04749A, viewportRect: {height: 972, left: 0, top: 36, width: 1920}, warnings: {}, webStorageEnabled: false}
Session ID: 958b28dd-03a8-4089-9228-f2eb8d5357bd
*** Element info: {Using=id, value=com.myxfitness.app:id/stats}
	at testCases.HomeScreenCases.openMenuCheckAddUser(HomeScreenCases.java:110)
]]></failure>
  </testcase>
  <testcase name="openManageProfiles" classname="testCases.ManageProfilesCases" time="11.273">
    <system-out><![CDATA[1- 'Manage Profiles' all options are displayed.
]]></system-out>
  </testcase>
  <testcase name="editManageProfiles" classname="testCases.ManageProfilesCases" time="46.328">
    <system-out><![CDATA[2- 'Manage Profiles' profile edited succesfully
]]></system-out>
  </testcase>
  <testcase name="editManageProfilesBack" classname="testCases.ManageProfilesCases" time="46.08">
    <system-out><![CDATA[3- 'Manage Profiles' profile edited back succesfully
]]></system-out>
  </testcase>
</testsuite>