<?xml version="1.0" encoding="UTF-8"?>
<!-- Generated by org.testng.reporters.JUnitXMLReporter -->
<testsuite ignored="2" hostname="DESKTOP-EER3MNQ" failures="0" tests="5" name="MYXfitness Regression Test" time="42.314" errors="0" timestamp="2021-02-13T08:24:52 ART">
  <testcase classname="testCases.LogInCases" name="invalidEmail" time="6.432"/>
  <testcase classname="testCases.LogInCases" name="invalidPassword" time="4.996"/>
  <testcase classname="testCases.LogInCases" name="noEmailAndPassword" time="3.583"/>
  <testcase classname="testCases.LogInCases" name="validEmailAndPassword" time="19.58"/>
  <testcase classname="testCases.HomeMenuCases" name="openMenu" time="6.465"/>
  <testcase classname="testCases.SetupConnection" name="@BeforeSuite SetupConnection" time="0.0">
    <ignored/>
  </testcase> <!-- @BeforeSuite SetupConnection -->
  <testcase classname="testCases.SetupConnection" name="@AfterSuite TearDown" time="0.0">
    <ignored/>
  </testcase> <!-- @AfterSuite TearDown -->
</testsuite> <!-- MYXfitness Regression Test -->
