<?xml version="1.0" encoding="UTF-8"?>
<!-- Generated by org.testng.reporters.JUnitXMLReporter -->
<testsuite ignored="2" hostname="DESKTOP-EER3MNQ" failures="0" tests="11" name="MYXfitness Resgression Test Classes" time="154.091" errors="0" timestamp="2021-02-17T10:45:59 ART">
  <testcase classname="testCases.LogInCases" name="invalidEmail" time="6.972"/>
  <testcase classname="testCases.LogInCases" name="invalidPassword" time="4.978"/>
  <testcase classname="testCases.LogInCases" name="noEmailAndPassword" time="3.525"/>
  <testcase classname="testCases.LogInCases" name="passwordRecoveryEmpty" time="3.89"/>
  <testcase classname="testCases.LogInCases" name="passwordRecoveryWrongEmail" time="7.648"/>
  <testcase classname="testCases.LogInCases" name="passwordRecoveryzValid" time="5.135"/>
  <testcase classname="testCases.LogInCases" name="validEmailAndPassword" time="17.716"/>
  <testcase classname="testCases.HomeMenuCases" name="openMenu" time="2.027"/>
  <testcase classname="testCases.HomeMenuCases" name="openManageProfiles" time="8.913"/>
  <testcase classname="testCases.HomeMenuCases" name="editManageProfiles" time="48.541"/>
  <testcase classname="testCases.HomeMenuCases" name="editManageProfilesBack" time="44.033"/>
  <testcase classname="testCases.SetupConnection" name="@AfterSuite TearDown" time="0.0">
    <ignored/>
  </testcase> <!-- @AfterSuite TearDown -->
  <testcase classname="testCases.SetupConnection" name="@BeforeSuite startConnection" time="0.0">
    <ignored/>
  </testcase> <!-- @BeforeSuite startConnection -->
</testsuite> <!-- MYXfitness Resgression Test Classes -->
