<?xml version="1.0" encoding="UTF-8"?>
<!-- Generated by org.testng.reporters.JUnitXMLReporter -->
<testsuite ignored="6" hostname="DESKTOP-EER3MNQ" failures="1" tests="19" name="MYXfitness Resgression Test Classes" time="205.3" errors="0" timestamp="2021-02-24T13:06:12 ART">
  <testcase classname="testCases.LogInCases" name="invalidEmail" time="11.356"/>
  <testcase classname="testCases.LogInCases" name="invalidPassword" time="4.553"/>
  <testcase classname="testCases.LogInCases" name="noEmailAndPassword" time="2.663"/>
  <testcase classname="testCases.LogInCases" name="passwordRecoveryEmpty" time="3.573"/>
  <testcase classname="testCases.LogInCases" name="passwordRecoveryWrongEmail" time="5.608"/>
  <testcase classname="testCases.LogInCases" name="passwordRecoveryzValid" time="5.041"/>
  <testcase classname="testCases.LogInCases" name="iDontHaveAccount" time="2.813"/>
  <testcase classname="testCases.LogInCases" name="validEmailAndPassword" time="6.08"/>
  <testcase classname="testCases.WhosWorkingCases" name="validateOptionsAvailable" time="11.585"/>
  <testcase classname="testCases.HomeScreenCases" name="profileHeaderIsVisible" time="0.111"/>
  <testcase classname="testCases.HomeScreenCases" name="accountNameIsVisible" time="0.101"/>
  <testcase classname="testCases.HomeScreenCases" name="bikeFilterIsVisible" time="0.1"/>
  <testcase classname="testCases.HomeScreenCases" name="openMenu" time="0.955"/>
  <testcase classname="testCases.HomeScreenCases" name="openMenuCheckProfiles" time="1.733"/>
  <testcase classname="testCases.HomeScreenCases" name="openMenuSwitchProfiles" time="9.853"/>
  <testcase classname="testCases.HomeScreenCases" name="openMenuCheckAddUser" time="22.255">
    <failure type="org.openqa.selenium.NoSuchElementException" message="An element could not be located on the page using the given search parameters.
For documentation on this error, please visit: https://www.seleniumhq.org/exceptions/no_such_element.html
Build info: version: &amp;apos;3.141.59&amp;apos;, revision: &amp;apos;e82be7d358&amp;apos;, time: &amp;apos;2018-11-14T08:17:03&amp;apos;
System info: host: &amp;apos;DESKTOP-EER3MNQ&amp;apos;, ip: &amp;apos;192.168.1.64&amp;apos;, os.name: &amp;apos;Windows 10&amp;apos;, os.arch: &amp;apos;amd64&amp;apos;, os.version: &amp;apos;10.0&amp;apos;, java.version: &amp;apos;15.0.1&amp;apos;
Driver info: io.appium.java_client.android.AndroidDriver
Capabilities {databaseEnabled: false, desired: {deviceName: MYX215A, platformName: android, platformVersion: 8.1.0, udid: INB04749A}, deviceApiLevel: 27, deviceManufacturer: alps, deviceModel: MYX215A, deviceName: INB04749A, deviceScreenDensity: 240, deviceScreenSize: 1920x1080, deviceUDID: INB04749A, javascriptEnabled: true, locationContextEnabled: false, networkConnectionEnabled: true, pixelRatio: 1.5, platform: LINUX, platformName: Android, platformVersion: 8.1.0, statBarHeight: 36, takesScreenshot: true, udid: INB04749A, viewportRect: {height: 972, left: 0, top: 36, width: 1920}, warnings: {}, webStorageEnabled: false}
Session ID: 3098b64c-eb4f-43be-a40c-803c2eae6c78
*** Element info: {Using=id, value=com.myxfitness.app:id/stats}">
      <![CDATA[org.openqa.selenium.NoSuchElementException: An element could not be located on the page using the given search parameters.
For documentation on this error, please visit: https://www.seleniumhq.org/exceptions/no_such_element.html
Build info: version: '3.141.59', revision: 'e82be7d358', time: '2018-11-14T08:17:03'
System info: host: 'DESKTOP-EER3MNQ', ip: '192.168.1.64', os.name: 'Windows 10', os.arch: 'amd64', os.version: '10.0', java.version: '15.0.1'
Driver info: io.appium.java_client.android.AndroidDriver
Capabilities {databaseEnabled: false, desired: {deviceName: MYX215A, platformName: android, platformVersion: 8.1.0, udid: INB04749A}, deviceApiLevel: 27, deviceManufacturer: alps, deviceModel: MYX215A, deviceName: INB04749A, deviceScreenDensity: 240, deviceScreenSize: 1920x1080, deviceUDID: INB04749A, javascriptEnabled: true, locationContextEnabled: false, networkConnectionEnabled: true, pixelRatio: 1.5, platform: LINUX, platformName: Android, platformVersion: 8.1.0, statBarHeight: 36, takesScreenshot: true, udid: INB04749A, viewportRect: {height: 972, left: 0, top: 36, width: 1920}, warnings: {}, webStorageEnabled: false}
Session ID: 3098b64c-eb4f-43be-a40c-803c2eae6c78
*** Element info: {Using=id, value=com.myxfitness.app:id/stats}
at java.base/jdk.internal.reflect.NativeConstructorAccessorImpl.newInstance0(Native Method)
at java.base/jdk.internal.reflect.NativeConstructorAccessorImpl.newInstance(NativeConstructorAccessorImpl.java:64)
at java.base/jdk.internal.reflect.DelegatingConstructorAccessorImpl.newInstance(DelegatingConstructorAccessorImpl.java:45)
at java.base/java.lang.reflect.Constructor.newInstanceWithCaller(Constructor.java:500)
at java.base/java.lang.reflect.Constructor.newInstance(Constructor.java:481)
at org.openqa.selenium.remote.http.W3CHttpResponseCodec.createException(W3CHttpResponseCodec.java:187)
at org.openqa.selenium.remote.http.W3CHttpResponseCodec.decode(W3CHttpResponseCodec.java:122)
at org.openqa.selenium.remote.http.W3CHttpResponseCodec.decode(W3CHttpResponseCodec.java:49)
at org.openqa.selenium.remote.HttpCommandExecutor.execute(HttpCommandExecutor.java:158)
at io.appium.java_client.remote.AppiumCommandExecutor.execute(AppiumCommandExecutor.java:247)
at org.openqa.selenium.remote.RemoteWebDriver.execute(RemoteWebDriver.java:552)
at io.appium.java_client.DefaultGenericMobileDriver.execute(DefaultGenericMobileDriver.java:41)
at io.appium.java_client.AppiumDriver.execute(AppiumDriver.java:1)
at io.appium.java_client.android.AndroidDriver.execute(AndroidDriver.java:1)
at org.openqa.selenium.remote.RemoteWebDriver.findElement(RemoteWebDriver.java:323)
at io.appium.java_client.DefaultGenericMobileDriver.findElement(DefaultGenericMobileDriver.java:61)
at io.appium.java_client.AppiumDriver.findElement(AppiumDriver.java:1)
at io.appium.java_client.android.AndroidDriver.findElement(AndroidDriver.java:1)
at org.openqa.selenium.remote.RemoteWebDriver.findElementById(RemoteWebDriver.java:372)
at io.appium.java_client.DefaultGenericMobileDriver.findElementById(DefaultGenericMobileDriver.java:69)
at io.appium.java_client.AppiumDriver.findElementById(AppiumDriver.java:1)
at io.appium.java_client.android.AndroidDriver.findElementById(AndroidDriver.java:1)
at testCases.HomeScreenCases.openMenuCheckAddUser(HomeScreenCases.java:188)
at java.base/jdk.internal.reflect.NativeMethodAccessorImpl.invoke0(Native Method)
at java.base/jdk.internal.reflect.NativeMethodAccessorImpl.invoke(NativeMethodAccessorImpl.java:64)
at java.base/jdk.internal.reflect.DelegatingMethodAccessorImpl.invoke(DelegatingMethodAccessorImpl.java:43)
at java.base/java.lang.reflect.Method.invoke(Method.java:564)
at org.testng.internal.MethodInvocationHelper.invokeMethod(MethodInvocationHelper.java:132)
at org.testng.internal.TestInvoker.invokeMethod(TestInvoker.java:599)
at org.testng.internal.TestInvoker.invokeTestMethod(TestInvoker.java:174)
at org.testng.internal.MethodRunner.runInSequence(MethodRunner.java:46)
at org.testng.internal.TestInvoker$MethodInvocationAgent.invoke(TestInvoker.java:822)
at org.testng.internal.TestInvoker.invokeTestMethods(TestInvoker.java:147)
at org.testng.internal.TestMethodWorker.invokeTestMethods(TestMethodWorker.java:146)
at org.testng.internal.TestMethodWorker.run(TestMethodWorker.java:128)
at java.base/java.util.ArrayList.forEach(ArrayList.java:1511)
at org.testng.TestRunner.privateRun(TestRunner.java:764)
at org.testng.TestRunner.run(TestRunner.java:585)
at org.testng.SuiteRunner.runTest(SuiteRunner.java:384)
at org.testng.SuiteRunner.runSequentially(SuiteRunner.java:378)
at org.testng.SuiteRunner.privateRun(SuiteRunner.java:337)
at org.testng.SuiteRunner.run(SuiteRunner.java:286)
at org.testng.SuiteRunnerWorker.runSuite(SuiteRunnerWorker.java:53)
at org.testng.SuiteRunnerWorker.run(SuiteRunnerWorker.java:96)
at org.testng.TestNG.runSuitesSequentially(TestNG.java:1218)
at org.testng.TestNG.runSuitesLocally(TestNG.java:1140)
at org.testng.TestNG.runSuites(TestNG.java:1069)
at org.testng.TestNG.run(TestNG.java:1037)
at org.testng.remote.AbstractRemoteTestNG.run(AbstractRemoteTestNG.java:115)
at org.testng.remote.RemoteTestNG.initAndRun(RemoteTestNG.java:251)
at org.testng.remote.RemoteTestNG.main(RemoteTestNG.java:77)
]]>
    </failure>
  </testcase> <!-- openMenuCheckAddUser -->
  <testcase classname="testCases.ManageProfilesCases" name="openManageProfiles" time="13.884"/>
  <testcase classname="testCases.ManageProfilesCases" name="editManageProfiles" time="48.511"/>
  <testcase classname="testCases.ManageProfilesCases" name="editManageProfilesBack" time="54.352"/>
  <testcase classname="testCases.SetupConnection" name="@AfterSuite TearDown" time="0.0">
    <ignored/>
  </testcase> <!-- @AfterSuite TearDown -->
  <testcase classname="testCases.SetupConnection" name="@AfterSuite TearDown" time="0.0">
    <ignored/>
  </testcase> <!-- @AfterSuite TearDown -->
  <testcase classname="testCases.SetupConnection" name="@AfterSuite TearDown" time="0.0">
    <ignored/>
  </testcase> <!-- @AfterSuite TearDown -->
  <testcase classname="testCases.SetupConnection" name="@BeforeSuite startConnection" time="0.0">
    <ignored/>
  </testcase> <!-- @BeforeSuite startConnection -->
  <testcase classname="testCases.SetupConnection" name="@BeforeSuite startConnection" time="0.0">
    <ignored/>
  </testcase> <!-- @BeforeSuite startConnection -->
  <testcase classname="testCases.SetupConnection" name="@BeforeSuite startConnection" time="0.0">
    <ignored/>
  </testcase> <!-- @BeforeSuite startConnection -->
</testsuite> <!-- MYXfitness Resgression Test Classes -->
