<?xml version="1.0" encoding="UTF-8"?>
<!-- Generated by org.testng.reporters.JUnitXMLReporter -->
<testsuite ignored="2" hostname="DESKTOP-EER3MNQ" failures="0" tests="9" name="MYXfitness Unit Tests" time="47.231" errors="0" timestamp="2021-02-14T11:38:39 ART">
  <testcase classname="testCases.LogInCases" name="invalidEmail" time="6.246"/>
  <testcase classname="testCases.LogInCases" name="invalidPassword" time="4.561"/>
  <testcase classname="testCases.LogInCases" name="noEmailAndPassword" time="3.652"/>
  <testcase classname="testCases.LogInCases" name="passwordRecoveryEmpty" time="3.533"/>
  <testcase classname="testCases.LogInCases" name="passwordRecoveryWrongEmail" time="5.612"/>
  <testcase classname="testCases.LogInCases" name="passwordRecoveryzValid" time="4.988"/>
  <testcase classname="testCases.LogInCases" name="validEmailAndPassword" time="16.805"/>
  <testcase classname="testCases.HomeMenuCases" name="openMenu" time="1.539"/>
  <testcase classname="testCases.HomeMenuCases" name="openManageProfiles" time="0.128"/>
  <testcase classname="testCases.SetupConnection" name="@AfterSuite TearDown" time="0.0">
    <ignored/>
  </testcase> <!-- @AfterSuite TearDown -->
  <testcase classname="testCases.SetupConnection" name="@BeforeSuite startConnection" time="0.0">
    <ignored/>
  </testcase> <!-- @BeforeSuite startConnection -->
</testsuite> <!-- MYXfitness Unit Tests -->
